<?xml version="1.0" encoding="UTF-8"?>
<!-- Generated by org.testng.reporters.JUnitReportReporter -->
<testsuite hostname="INLEN8520087518" failures="0" tests="2" name="com.app.test.AppTest" time="64.094" errors="0" timestamp="2023-01-09T18:51:02 IST" skipped="0">
  <testcase classname="com.app.test.AppTest" name="verifyBag" time="23.694"/>
  <system-out/>
  <testcase classname="com.app.test.AppTest" name="verifyLogin" time="40.400"/>
  <system-out/>
</testsuite> <!-- com.app.test.AppTest -->
